2020-03-21 23:01:58,605 [Worker-5: Loading available Gradle versions] INFO  o.e.b.c.i.u.g.PublishedGradleVersions - Gradle version information cache is out-of-date. Trying to update.
2020-04-01 13:15:25,162 [Worker-0: Updating Maven Dependencies] INFO  o.e.m.c.i.l.LifecycleMappingFactory - Using org.eclipse.m2e.jdt.JarLifecycleMapping lifecycle mapping for MavenProject: sp5:sp5-chap03:0.0.1-SNAPSHOT @ /Users/gihyun/github/study_spring5/sp5-chap03/pom.xml.
2020-04-01 13:15:25,162 [Worker-1: Building] INFO  o.e.m.c.i.l.LifecycleMappingFactory - Using org.eclipse.m2e.jdt.JarLifecycleMapping lifecycle mapping for MavenProject: sp5:sp5-chap03:0.0.1-SNAPSHOT @ /Users/gihyun/github/study_spring5/sp5-chap03/pom.xml.
2020-04-01 13:15:25,766 [Worker-1: Building] WARN  o.e.m.c.i.embedder.EclipseLogger - Using platform encoding (UTF-8 actually) to copy filtered resources, i.e. build is platform dependent!
2020-04-01 13:15:25,767 [Worker-1: Building] INFO  o.e.m.c.i.embedder.EclipseLogger - skip non existing resourceDirectory /Users/gihyun/github/study_spring5/sp5-chap03/src/main/resources
2020-04-01 13:15:25,769 [Worker-1: Building] WARN  o.e.m.c.i.embedder.EclipseLogger - Using platform encoding (UTF-8 actually) to copy filtered resources, i.e. build is platform dependent!
2020-04-01 13:15:25,770 [Worker-1: Building] INFO  o.e.m.c.i.embedder.EclipseLogger - skip non existing resourceDirectory /Users/gihyun/github/study_spring5/sp5-chap03/src/test/resources
2020-04-01 13:15:27,250 [Worker-5: Updating Maven Dependencies] INFO  o.e.m.c.i.l.LifecycleMappingFactory - Using org.eclipse.m2e.jdt.JarLifecycleMapping lifecycle mapping for MavenProject: sp5:sp5-chap03:0.0.1-SNAPSHOT @ /Users/gihyun/github/study_spring5/sp5-chap03/pom.xml.
2020-04-01 13:15:27,263 [Worker-18: Building] WARN  o.e.m.c.i.embedder.EclipseLogger - Using platform encoding (UTF-8 actually) to copy filtered resources, i.e. build is platform dependent!
2020-04-01 13:15:27,265 [Worker-18: Building] INFO  o.e.m.c.i.embedder.EclipseLogger - skip non existing resourceDirectory /Users/gihyun/github/study_spring5/sp5-chap03/src/main/resources
2020-04-01 13:15:27,268 [Worker-18: Building] WARN  o.e.m.c.i.embedder.EclipseLogger - Using platform encoding (UTF-8 actually) to copy filtered resources, i.e. build is platform dependent!
2020-04-01 13:15:27,270 [Worker-18: Building] INFO  o.e.m.c.i.embedder.EclipseLogger - skip non existing resourceDirectory /Users/gihyun/github/study_spring5/sp5-chap03/src/test/resources
2020-04-01 13:15:28,458 [Worker-5: Building] WARN  o.e.m.c.i.embedder.EclipseLogger - Using platform encoding (UTF-8 actually) to copy filtered resources, i.e. build is platform dependent!
2020-04-01 13:15:28,460 [Worker-5: Building] INFO  o.e.m.c.i.embedder.EclipseLogger - skip non existing resourceDirectory /Users/gihyun/github/study_spring5/sp5-chap03/src/main/resources
2020-04-01 13:15:28,462 [Worker-5: Building] WARN  o.e.m.c.i.embedder.EclipseLogger - Using platform encoding (UTF-8 actually) to copy filtered resources, i.e. build is platform dependent!
2020-04-01 13:15:28,462 [Worker-5: Building] INFO  o.e.m.c.i.embedder.EclipseLogger - skip non existing resourceDirectory /Users/gihyun/github/study_spring5/sp5-chap03/src/test/resources
2020-04-01 13:16:07,145 [Worker-2: Loading available Gradle versions] INFO  o.e.b.c.i.u.g.PublishedGradleVersions - Gradle version information cache is out-of-date. Trying to update.
2020-04-01 13:16:26,445 [Worker-12: Building] WARN  o.e.m.c.i.embedder.EclipseLogger - Using platform encoding (UTF-8 actually) to copy filtered resources, i.e. build is platform dependent!
2020-04-01 13:16:26,446 [Worker-12: Building] INFO  o.e.m.c.i.embedder.EclipseLogger - skip non existing resourceDirectory /Users/gihyun/github/study_spring5/sp5-chap03/src/main/resources
2020-04-01 13:16:26,447 [Worker-12: Building] WARN  o.e.m.c.i.embedder.EclipseLogger - Using platform encoding (UTF-8 actually) to copy filtered resources, i.e. build is platform dependent!
2020-04-01 13:16:26,447 [Worker-12: Building] INFO  o.e.m.c.i.embedder.EclipseLogger - skip non existing resourceDirectory /Users/gihyun/github/study_spring5/sp5-chap03/src/test/resources
2020-04-01 13:17:18,784 [Worker-3: Building] WARN  o.e.m.c.i.embedder.EclipseLogger - Using platform encoding (UTF-8 actually) to copy filtered resources, i.e. build is platform dependent!
2020-04-01 13:17:18,786 [Worker-3: Building] INFO  o.e.m.c.i.embedder.EclipseLogger - skip non existing resourceDirectory /Users/gihyun/github/study_spring5/sp5-chap03/src/main/resources
2020-04-01 13:17:18,787 [Worker-3: Building] WARN  o.e.m.c.i.embedder.EclipseLogger - Using platform encoding (UTF-8 actually) to copy filtered resources, i.e. build is platform dependent!
2020-04-01 13:17:18,788 [Worker-3: Building] INFO  o.e.m.c.i.embedder.EclipseLogger - skip non existing resourceDirectory /Users/gihyun/github/study_spring5/sp5-chap03/src/test/resources
2020-04-01 13:22:53,158 [Worker-11: Building] WARN  o.e.m.c.i.embedder.EclipseLogger - Using platform encoding (UTF-8 actually) to copy filtered resources, i.e. build is platform dependent!
2020-04-01 13:22:53,159 [Worker-11: Building] INFO  o.e.m.c.i.embedder.EclipseLogger - skip non existing resourceDirectory /Users/gihyun/github/study_spring5/sp5-chap03/src/main/resources
2020-04-01 13:22:53,160 [Worker-11: Building] WARN  o.e.m.c.i.embedder.EclipseLogger - Using platform encoding (UTF-8 actually) to copy filtered resources, i.e. build is platform dependent!
2020-04-01 13:22:53,161 [Worker-11: Building] INFO  o.e.m.c.i.embedder.EclipseLogger - skip non existing resourceDirectory /Users/gihyun/github/study_spring5/sp5-chap03/src/test/resources
2020-04-01 13:23:56,596 [Worker-1: Building] WARN  o.e.m.c.i.embedder.EclipseLogger - Using platform encoding (UTF-8 actually) to copy filtered resources, i.e. build is platform dependent!
2020-04-01 13:23:56,597 [Worker-1: Building] INFO  o.e.m.c.i.embedder.EclipseLogger - skip non existing resourceDirectory /Users/gihyun/github/study_spring5/sp5-chap03/src/main/resources
2020-04-01 13:23:56,598 [Worker-1: Building] WARN  o.e.m.c.i.embedder.EclipseLogger - Using platform encoding (UTF-8 actually) to copy filtered resources, i.e. build is platform dependent!
2020-04-01 13:23:56,599 [Worker-1: Building] INFO  o.e.m.c.i.embedder.EclipseLogger - skip non existing resourceDirectory /Users/gihyun/github/study_spring5/sp5-chap03/src/test/resources
2020-04-01 13:24:14,789 [Worker-3: Building] WARN  o.e.m.c.i.embedder.EclipseLogger - Using platform encoding (UTF-8 actually) to copy filtered resources, i.e. build is platform dependent!
2020-04-01 13:24:14,790 [Worker-3: Building] INFO  o.e.m.c.i.embedder.EclipseLogger - skip non existing resourceDirectory /Users/gihyun/github/study_spring5/sp5-chap03/src/main/resources
2020-04-01 13:24:14,791 [Worker-3: Building] WARN  o.e.m.c.i.embedder.EclipseLogger - Using platform encoding (UTF-8 actually) to copy filtered resources, i.e. build is platform dependent!
2020-04-01 13:24:14,791 [Worker-3: Building] INFO  o.e.m.c.i.embedder.EclipseLogger - skip non existing resourceDirectory /Users/gihyun/github/study_spring5/sp5-chap03/src/test/resources
2020-04-01 13:24:33,184 [Worker-0: Building] WARN  o.e.m.c.i.embedder.EclipseLogger - Using platform encoding (UTF-8 actually) to copy filtered resources, i.e. build is platform dependent!
2020-04-01 13:24:33,184 [Worker-0: Building] INFO  o.e.m.c.i.embedder.EclipseLogger - skip non existing resourceDirectory /Users/gihyun/github/study_spring5/sp5-chap03/src/main/resources
2020-04-01 13:24:33,185 [Worker-0: Building] WARN  o.e.m.c.i.embedder.EclipseLogger - Using platform encoding (UTF-8 actually) to copy filtered resources, i.e. build is platform dependent!
2020-04-01 13:24:33,186 [Worker-0: Building] INFO  o.e.m.c.i.embedder.EclipseLogger - skip non existing resourceDirectory /Users/gihyun/github/study_spring5/sp5-chap03/src/test/resources
2020-04-01 13:28:10,150 [Worker-2: Launching MainForSpring] WARN  o.e.m.c.i.embedder.EclipseLogger - Using platform encoding (UTF-8 actually) to copy filtered resources, i.e. build is platform dependent!
2020-04-01 13:28:10,151 [Worker-2: Launching MainForSpring] INFO  o.e.m.c.i.embedder.EclipseLogger - skip non existing resourceDirectory /Users/gihyun/github/study_spring5/sp5-chap03/src/main/resources
2020-04-01 13:28:10,152 [Worker-2: Launching MainForSpring] WARN  o.e.m.c.i.embedder.EclipseLogger - Using platform encoding (UTF-8 actually) to copy filtered resources, i.e. build is platform dependent!
2020-04-01 13:28:10,153 [Worker-2: Launching MainForSpring] INFO  o.e.m.c.i.embedder.EclipseLogger - skip non existing resourceDirectory /Users/gihyun/github/study_spring5/sp5-chap03/src/test/resources
